<?xml version="1.0" encoding="UTF-8"?>
<!-- Generated by org.testng.reporters.JUnitXMLReporter -->
<testsuite ignored="0" hostname="DESKTOP-7GBIBLN" failures="1" tests="3" name="ErrorValidations" time="22.521" errors="0" timestamp="2024-01-18T21:55:19 IST">
  <testcase classname="rahulshettyAcademy.SeleniumFrameworkDesign.ErrorValidationsTest" name="loginErrorValidation" time="0.545">
    <skipped/>
  </testcase> <!-- loginErrorValidation -->
  <testcase classname="rahulshettyAcademy.SeleniumFrameworkDesign.ErrorValidationsTest" name="loginErrorValidation" time="0.414">
    <failure type="java.lang.AssertionError" message="expected [Incorrect email or password.] but found [Incorrect email  password.]">
      <![CDATA[java.lang.AssertionError: expected [Incorrect email or password.] but found [Incorrect email  password.]
at rahulshettyAcademy.SeleniumFrameworkDesign.ErrorValidationsTest.loginErrorValidation(ErrorValidationsTest.java:39)
at java.base/java.util.ArrayList.forEach(ArrayList.java:1511)
at java.base/java.util.concurrent.FutureTask.run(FutureTask.java:264)
at java.base/java.util.concurrent.ThreadPoolExecutor.runWorker(ThreadPoolExecutor.java:1136)
at java.base/java.util.concurrent.ThreadPoolExecutor$Worker.run(ThreadPoolExecutor.java:635)
at java.base/java.lang.Thread.run(Thread.java:833)
... Removed 23 stack frames]]>
    </failure>
  </testcase> <!-- loginErrorValidation -->
  <testcase classname="rahulshettyAcademy.SeleniumFrameworkDesign.ErrorValidationsTest" name="submitorder" time="13.518"/>
</testsuite> <!-- ErrorValidations -->
